<?xml version="1.0" encoding="UTF-8"?>
<testsuite xmlns:xsi="http://www.w3.org/2001/XMLSchema-instance" xsi:noNamespaceSchemaLocation="https://maven.apache.org/surefire/maven-surefire-plugin/xsd/surefire-test-report-3.0.xsd" version="3.0" name="demo.app.ApiAppTest" time="2.673" tests="1" errors="0" skipped="0" failures="0">
  <properties>
[...]
</properties>
  <testcase name="contextLoads" classname="demo.app.ApiAppTest" time="0.275">
    <system-out><![CDATA[16:20:45.701 [main] INFO org.springframework.test.context.support.AnnotationConfigContextLoaderUtils -- Could not detect default configuration classes for test class [demo.app.ApiAppTest]: ApiAppTest does not declare any static, non-private, non-final, nested classes annotated with @Configuration.
16:20:45.748 [main] INFO org.springframework.boot.test.context.SpringBootTestContextBootstrapper -- Found @SpringBootConfiguration demo.app.ApiApp for test class demo.app.ApiAppTest

  .   ____          _            __ _ _
 /\\ / ___'_ __ _ _(_)_ __  __ _ \ \ \ \
( ( )\___ | '_ | '_| | '_ \/ _` | \ \ \ \
 \\/  ___)| |_)| | | | | || (_| |  ) ) ) )
  '  |____| .__|_| |_|_| |_\__, | / / / /
 =========|_|==============|___/=/_/_/_/
 :: Spring Boot ::                (v3.1.4)

2023-11-08T16:20:45.958+07:00  INFO 7876 --- [           main] demo.app.ApiAppTest                      : Starting ApiAppTest using Java 17.0.8 with PID 7876 (started by hafiz in /Users/hafiz/Magang/diteter-kampus/sso/api-server)
2023-11-08T16:20:45.958+07:00 DEBUG 7876 --- [           main] demo.app.ApiAppTest                      : Running with Spring Boot v3.1.4, Spring v6.0.12
2023-11-08T16:20:45.959+07:00  INFO 7876 --- [           main] demo.app.ApiAppTest                      : No active profile set, falling back to 1 default profile: "default"
2023-11-08T16:20:46.342+07:00  INFO 7876 --- [           main] .s.d.r.c.RepositoryConfigurationDelegate : Bootstrapping Spring Data JPA repositories in DEFAULT mode.
2023-11-08T16:20:46.370+07:00  INFO 7876 --- [           main] .s.d.r.c.RepositoryConfigurationDelegate : Finished Spring Data repository scanning in 24 ms. Found 3 JPA repository interfaces.
2023-11-08T16:20:46.612+07:00  INFO 7876 --- [           main] com.zaxxer.hikari.HikariDataSource       : HikariPool-1 - Starting...
2023-11-08T16:20:46.715+07:00  INFO 7876 --- [           main] com.zaxxer.hikari.pool.HikariPool        : HikariPool-1 - Added connection com.mysql.cj.jdbc.ConnectionImpl@3af10d0b
2023-11-08T16:20:46.716+07:00  INFO 7876 --- [           main] com.zaxxer.hikari.HikariDataSource       : HikariPool-1 - Start completed.
2023-11-08T16:20:46.734+07:00  INFO 7876 --- [           main] o.hibernate.jpa.internal.util.LogHelper  : HHH000204: Processing PersistenceUnitInfo [name: default]
2023-11-08T16:20:46.768+07:00  INFO 7876 --- [           main] org.hibernate.Version                    : HHH000412: Hibernate ORM core version 6.2.9.Final
2023-11-08T16:20:46.769+07:00  INFO 7876 --- [           main] org.hibernate.cfg.Environment            : HHH000406: Using bytecode reflection optimizer
2023-11-08T16:20:46.831+07:00  INFO 7876 --- [           main] o.h.b.i.BytecodeProviderInitiator        : HHH000021: Bytecode provider name : bytebuddy
2023-11-08T16:20:46.894+07:00  INFO 7876 --- [           main] o.s.o.j.p.SpringPersistenceUnitInfo      : No LoadTimeWeaver setup: ignoring JPA class transformer
2023-11-08T16:20:46.928+07:00  WARN 7876 --- [           main] org.hibernate.dialect.Dialect            : HHH000511: The 5.5.0 version for [org.hibernate.dialect.MySQLDialect] is no longer supported, hence certain features may not work properly. The minimum supported version is 5.7.0. Check the community dialects project for available legacy versions.
2023-11-08T16:20:47.039+07:00  INFO 7876 --- [           main] o.h.b.i.BytecodeProviderInitiator        : HHH000021: Bytecode provider name : bytebuddy
2023-11-08T16:20:47.388+07:00  INFO 7876 --- [           main] o.h.e.t.j.p.i.JtaPlatformInitiator       : HHH000490: Using JtaPlatform implementation: [org.hibernate.engine.transaction.jta.platform.internal.NoJtaPlatform]
2023-11-08T16:20:47.390+07:00  INFO 7876 --- [           main] j.LocalContainerEntityManagerFactoryBean : Initialized JPA EntityManagerFactory for persistence unit 'default'
2023-11-08T16:20:47.656+07:00  WARN 7876 --- [           main] JpaBaseConfiguration$JpaWebConfiguration : spring.jpa.open-in-view is enabled by default. Therefore, database queries may be performed during view rendering. Explicitly configure spring.jpa.open-in-view to disable this warning
2023-11-08T16:20:47.664+07:00 DEBUG 7876 --- [           main] swordEncoderAuthenticationManagerBuilder : No authenticationProviders and no parentAuthenticationManager defined. Returning null.
2023-11-08T16:20:47.813+07:00  INFO 7876 --- [           main] o.s.s.web.DefaultSecurityFilterChain     : Will secure Or [Mvc [pattern='/v3/api-docs/**'], Mvc [pattern='/swagger-ui.html'], Mvc [pattern='/swagger-ui/**'], Mvc [pattern='/websocket/**'], Mvc [pattern='/webjars/**'], Mvc [pattern='/stomp/**'], Mvc [pattern='/app.js'], Mvc [pattern='/main.css'], Mvc [pattern='/error.html'], Mvc [pattern='/error/**']] with [org.springframework.security.web.session.DisableEncodeUrlFilter@6821d4e1, org.springframework.security.web.context.request.async.WebAsyncManagerIntegrationFilter@3ac76ad9, org.springframework.security.web.context.SecurityContextHolderFilter@481eb705, org.springframework.security.web.header.HeaderWriterFilter@711261c7, org.springframework.security.web.csrf.CsrfFilter@4ee80a94, org.springframework.security.web.authentication.logout.LogoutFilter@7d466ef9, org.springframework.security.web.savedrequest.RequestCacheAwareFilter@c5c2a84, org.springframework.security.web.servletapi.SecurityContextHolderAwareRequestFilter@3f473daf, org.springframework.security.web.authentication.AnonymousAuthenticationFilter@213c812a, org.springframework.security.web.access.ExceptionTranslationFilter@770c3ca2, org.springframework.security.web.access.intercept.AuthorizationFilter@18c95fbb]
2023-11-08T16:20:47.821+07:00  INFO 7876 --- [           main] o.s.s.web.DefaultSecurityFilterChain     : Will secure any request with [org.springframework.security.web.session.DisableEncodeUrlFilter@1d160161, org.springframework.security.web.context.request.async.WebAsyncManagerIntegrationFilter@6c9e7af2, org.springframework.security.web.context.SecurityContextHolderFilter@3c6e407, org.springframework.security.web.header.HeaderWriterFilter@7c4de811, org.springframework.web.filter.CorsFilter@48cbb4c5, org.springframework.security.web.authentication.logout.LogoutFilter@79aa675b, org.springframework.security.oauth2.server.resource.web.authentication.BearerTokenAuthenticationFilter@40304938, demo.app.utils.CustomAuthoritiesFilter@af04d6d, org.springframework.security.web.savedrequest.RequestCacheAwareFilter@287dde94, org.springframework.security.web.servletapi.SecurityContextHolderAwareRequestFilter@2f650dae, org.springframework.security.web.authentication.AnonymousAuthenticationFilter@2740585b, org.springframework.security.web.session.SessionManagementFilter@4865434e, org.springframework.security.web.access.ExceptionTranslationFilter@4db10b9f, org.springframework.security.web.access.intercept.AuthorizationFilter@32f2de5c]
2023-11-08T16:20:48.002+07:00  INFO 7876 --- [           main] demo.app.ApiAppTest                      : Started ApiAppTest in 2.189 seconds (process running for 2.691)
]]></system-out>
  </testcase>
</testsuite>