<?xml version="1.0" encoding="UTF-8"?>
<testsuite xmlns:xsi="http://www.w3.org/2001/XMLSchema-instance" xsi:noNamespaceSchemaLocation="https://maven.apache.org/surefire/maven-surefire-plugin/xsd/surefire-test-report-3.0.xsd" version="3.0" name="demo.app.controller.ControllerEmployeeTest" time="10.44" tests="8" errors="0" skipped="0" failures="0">
  <properties>
[...]
</properties>
  <testcase name="registerEmployeeUnauthorizedTokenNull" classname="demo.app.controller.ControllerEmployeeTest" time="1.299">
    <system-out><![CDATA[2023-11-08T16:20:48.291+07:00  INFO 7876 --- [           main] t.c.s.AnnotationConfigContextLoaderUtils : Could not detect default configuration classes for test class [demo.app.controller.ControllerEmployeeTest]: ControllerEmployeeTest does not declare any static, non-private, non-final, nested classes annotated with @Configuration.
2023-11-08T16:20:48.299+07:00  INFO 7876 --- [           main] .b.t.c.SpringBootTestContextBootstrapper : Found @SpringBootConfiguration demo.app.ApiApp for test class demo.app.controller.ControllerEmployeeTest

  .   ____          _            __ _ _
 /\\ / ___'_ __ _ _(_)_ __  __ _ \ \ \ \
( ( )\___ | '_ | '_| | '_ \/ _` | \ \ \ \
 \\/  ___)| |_)| | | | | || (_| |  ) ) ) )
  '  |____| .__|_| |_|_| |_\__, | / / / /
 =========|_|==============|___/=/_/_/_/
 :: Spring Boot ::                (v3.1.4)

2023-11-08T16:20:48.314+07:00  INFO 7876 --- [           main] d.app.controller.ControllerEmployeeTest  : Starting ControllerEmployeeTest using Java 17.0.8 with PID 7876 (started by hafiz in /Users/hafiz/Magang/diteter-kampus/sso/api-server)
2023-11-08T16:20:48.314+07:00 DEBUG 7876 --- [           main] d.app.controller.ControllerEmployeeTest  : Running with Spring Boot v3.1.4, Spring v6.0.12
2023-11-08T16:20:48.314+07:00  INFO 7876 --- [           main] d.app.controller.ControllerEmployeeTest  : No active profile set, falling back to 1 default profile: "default"
2023-11-08T16:20:48.400+07:00  INFO 7876 --- [           main] .s.d.r.c.RepositoryConfigurationDelegate : Bootstrapping Spring Data JPA repositories in DEFAULT mode.
2023-11-08T16:20:48.406+07:00  INFO 7876 --- [           main] .s.d.r.c.RepositoryConfigurationDelegate : Finished Spring Data repository scanning in 5 ms. Found 3 JPA repository interfaces.
2023-11-08T16:20:48.458+07:00  INFO 7876 --- [           main] com.zaxxer.hikari.HikariDataSource       : HikariPool-2 - Starting...
2023-11-08T16:20:48.462+07:00  INFO 7876 --- [           main] com.zaxxer.hikari.pool.HikariPool        : HikariPool-2 - Added connection com.mysql.cj.jdbc.ConnectionImpl@746f1505
2023-11-08T16:20:48.462+07:00  INFO 7876 --- [           main] com.zaxxer.hikari.HikariDataSource       : HikariPool-2 - Start completed.
2023-11-08T16:20:48.463+07:00  INFO 7876 --- [           main] o.hibernate.jpa.internal.util.LogHelper  : HHH000204: Processing PersistenceUnitInfo [name: default]
2023-11-08T16:20:48.467+07:00  INFO 7876 --- [           main] o.h.b.i.BytecodeProviderInitiator        : HHH000021: Bytecode provider name : bytebuddy
2023-11-08T16:20:48.467+07:00  INFO 7876 --- [           main] o.s.o.j.p.SpringPersistenceUnitInfo      : No LoadTimeWeaver setup: ignoring JPA class transformer
2023-11-08T16:20:48.468+07:00  WARN 7876 --- [           main] org.hibernate.dialect.Dialect            : HHH000511: The 5.5.0 version for [org.hibernate.dialect.MySQLDialect] is no longer supported, hence certain features may not work properly. The minimum supported version is 5.7.0. Check the community dialects project for available legacy versions.
2023-11-08T16:20:48.476+07:00  INFO 7876 --- [           main] o.h.b.i.BytecodeProviderInitiator        : HHH000021: Bytecode provider name : bytebuddy
2023-11-08T16:20:48.508+07:00  INFO 7876 --- [           main] o.h.e.t.j.p.i.JtaPlatformInitiator       : HHH000490: Using JtaPlatform implementation: [org.hibernate.engine.transaction.jta.platform.internal.NoJtaPlatform]
2023-11-08T16:20:48.508+07:00  INFO 7876 --- [           main] j.LocalContainerEntityManagerFactoryBean : Initialized JPA EntityManagerFactory for persistence unit 'default'
2023-11-08T16:20:48.588+07:00  WARN 7876 --- [           main] JpaBaseConfiguration$JpaWebConfiguration : spring.jpa.open-in-view is enabled by default. Therefore, database queries may be performed during view rendering. Explicitly configure spring.jpa.open-in-view to disable this warning
2023-11-08T16:20:48.591+07:00 DEBUG 7876 --- [           main] swordEncoderAuthenticationManagerBuilder : No authenticationProviders and no parentAuthenticationManager defined. Returning null.
2023-11-08T16:20:48.627+07:00  INFO 7876 --- [           main] o.s.s.web.DefaultSecurityFilterChain     : Will secure Or [Mvc [pattern='/v3/api-docs/**'], Mvc [pattern='/swagger-ui.html'], Mvc [pattern='/swagger-ui/**'], Mvc [pattern='/websocket/**'], Mvc [pattern='/webjars/**'], Mvc [pattern='/stomp/**'], Mvc [pattern='/app.js'], Mvc [pattern='/main.css'], Mvc [pattern='/error.html'], Mvc [pattern='/error/**']] with [org.springframework.security.web.session.DisableEncodeUrlFilter@446dbf7b, org.springframework.security.web.context.request.async.WebAsyncManagerIntegrationFilter@1cb09347, org.springframework.security.web.context.SecurityContextHolderFilter@22b112bb, org.springframework.security.web.header.HeaderWriterFilter@24afdf18, org.springframework.security.web.csrf.CsrfFilter@7821d009, org.springframework.security.web.authentication.logout.LogoutFilter@11893180, org.springframework.security.web.savedrequest.RequestCacheAwareFilter@54e63f7c, org.springframework.security.web.servletapi.SecurityContextHolderAwareRequestFilter@618a9cb7, org.springframework.security.web.authentication.AnonymousAuthenticationFilter@673218b2, org.springframework.security.web.access.ExceptionTranslationFilter@77984827, org.springframework.security.web.access.intercept.AuthorizationFilter@412bb41f]
2023-11-08T16:20:48.628+07:00  INFO 7876 --- [           main] o.s.s.web.DefaultSecurityFilterChain     : Will secure any request with [org.springframework.security.web.session.DisableEncodeUrlFilter@e7c3ba2, org.springframework.security.web.context.request.async.WebAsyncManagerIntegrationFilter@35c646b5, org.springframework.security.web.context.SecurityContextHolderFilter@468d1fcc, org.springframework.security.web.header.HeaderWriterFilter@9588bd8, org.springframework.web.filter.CorsFilter@6351efa6, org.springframework.security.web.authentication.logout.LogoutFilter@5fe5f2f0, org.springframework.security.oauth2.server.resource.web.authentication.BearerTokenAuthenticationFilter@7e7e34ef, demo.app.utils.CustomAuthoritiesFilter@6c07666f, org.springframework.security.web.savedrequest.RequestCacheAwareFilter@267093ea, org.springframework.security.web.servletapi.SecurityContextHolderAwareRequestFilter@6b3bcab7, org.springframework.security.web.authentication.AnonymousAuthenticationFilter@349e166, org.springframework.security.web.session.SessionManagementFilter@75edfe9a, org.springframework.security.web.access.ExceptionTranslationFilter@7752f9fe, org.springframework.security.web.access.intercept.AuthorizationFilter@4873c645]
2023-11-08T16:20:48.689+07:00  INFO 7876 --- [           main] o.s.b.t.m.w.SpringBootMockServletContext : Initializing Spring TestDispatcherServlet ''
2023-11-08T16:20:48.689+07:00  INFO 7876 --- [           main] o.s.t.web.servlet.TestDispatcherServlet  : Initializing Servlet ''
2023-11-08T16:20:48.689+07:00  INFO 7876 --- [           main] o.s.t.web.servlet.TestDispatcherServlet  : Completed initialization in 0 ms
2023-11-08T16:20:48.696+07:00  INFO 7876 --- [           main] d.app.controller.ControllerEmployeeTest  : Started ControllerEmployeeTest in 0.395 seconds (process running for 3.385)
Hibernate: 
    select
        e1_0.employee_id,
        e1_0.client_id,
        e1_0.company,
        e1_0.email,
        e1_0.full_name,
        e1_0.gender,
        e1_0.phone_number,
        e1_0.position 
    from
        employees e1_0
2023-11-08T16:20:48.765+07:00 DEBUG 7876 --- [           main] o.s.security.web.FilterChainProxy        : Securing POST /api/employees/register
2023-11-08T16:20:48.768+07:00  INFO 7876 --- [           main] CustomAuthoritiesOpaqueTokenIntrospector : Token Introspect: null
2023-11-08T16:20:49.991+07:00 DEBUG 7876 --- [           main] .s.r.a.OpaqueTokenAuthenticationProvider : Failed to authenticate since token was invalid
]]></system-out>
  </testcase>
  <testcase name="updateEmployeeNotFoundClientId" classname="demo.app.controller.ControllerEmployeeTest" time="1.351">
    <system-out><![CDATA[Hibernate: 
    select
        e1_0.employee_id,
        e1_0.client_id,
        e1_0.company,
        e1_0.email,
        e1_0.full_name,
        e1_0.gender,
        e1_0.phone_number,
        e1_0.position 
    from
        employees e1_0
2023-11-08T16:20:50.022+07:00 DEBUG 7876 --- [           main] o.s.security.web.FilterChainProxy        : Securing PUT /api/employees/current
2023-11-08T16:20:50.023+07:00  INFO 7876 --- [           main] CustomAuthoritiesOpaqueTokenIntrospector : Token Introspect: ufs6Oiqp1-JyhvP8sFM8_7c2gq0F_3cysAKGGCzPoNqahGs4ZUuD1dBrneCYgfjdhE0Faw8
2023-11-08T16:20:51.265+07:00  INFO 7876 --- [           main] demo.app.utils.AuthoritiesExtractor      : Scopes: [openid, profile, email]
2023-11-08T16:20:51.265+07:00  INFO 7876 --- [           main] demo.app.utils.AuthoritiesExtractor      : User Authorities: [ROLE_USER]
2023-11-08T16:20:51.265+07:00  INFO 7876 --- [           main] demo.app.utils.AuthoritiesExtractor      : All Authorities: [openid, profile, email, ROLE_USER]
2023-11-08T16:20:51.265+07:00  INFO 7876 --- [           main] d.a.validator.IntrospectTokenValidator   : Token: {"sub":"239414077758111751","email_verified":true,"iss":"http:\/\/localhost:8080","active":true,"preferred_username":"User","given_name":"User","locale":null,"token_type":"Bearer","urn:zitadel:iam:org:project:239413432221171719:roles":{"user":{"239412988128329735":"base.localhost"}},"client_id":"239484551712276487@i2dev","aud":["239415625104031749@i2dev","239484551712276487@i2dev","239415352189059077@i2dev","239415477716189189@i2dev","239413432221171719"],"nbf":{},"updated_at":1699197933,"urn:zitadel:iam:org:project:roles":{"user":{"239412988128329735":"base.localhost"}},"scope":["openid","profile","email"],"name":"User","exp":{},"family_name":"User","iat":{},"email":"user@i2dev.com","jti":"239796887975100423","username":"User"}
2023-11-08T16:20:51.285+07:00  INFO 7876 --- [           main] d.a.validator.IntrospectTokenValidator   : Exp Value 2023-11-09T06:48:03Z
2023-11-08T16:20:51.285+07:00  INFO 7876 --- [           main] d.a.validator.IntrospectTokenValidator   : Match Token Scopes: [openid, profile, email, ROLE_USER]
2023-11-08T16:20:51.285+07:00  INFO 7876 --- [           main] d.a.validator.IntrospectTokenValidator   : Roles Object: {"user":{"239412988128329735":"base.localhost"}}
2023-11-08T16:20:51.285+07:00  INFO 7876 --- [           main] demo.app.utils.AuthoritiesExtractor      : Scopes: [openid, profile, email]
2023-11-08T16:20:51.285+07:00  INFO 7876 --- [           main] demo.app.utils.AuthoritiesExtractor      : User Authorities: [ROLE_USER]
2023-11-08T16:20:51.286+07:00  INFO 7876 --- [           main] demo.app.utils.AuthoritiesExtractor      : All Authorities: [openid, profile, email, ROLE_USER]
2023-11-08T16:20:51.286+07:00 DEBUG 7876 --- [           main] .s.r.a.OpaqueTokenAuthenticationProvider : Authenticated token
2023-11-08T16:20:51.287+07:00 DEBUG 7876 --- [           main] .s.r.w.a.BearerTokenAuthenticationFilter : Set SecurityContextHolder to BearerTokenAuthentication [Principal=org.springframework.security.oauth2.core.DefaultOAuth2AuthenticatedPrincipal@2f8cb4c9, Credentials=[PROTECTED], Authenticated=true, Details=WebAuthenticationDetails [RemoteIpAddress=127.0.0.1, SessionId=null], Granted Authorities=[openid, profile, email, ROLE_USER]]
2023-11-08T16:20:51.287+07:00  INFO 7876 --- [           main] demo.app.utils.CustomAuthoritiesFilter   : Roles: [openid, profile, email, ROLE_USER]
2023-11-08T16:20:51.287+07:00  INFO 7876 --- [           main] demo.app.utils.CustomAuthoritiesFilter   : isPathAllowed : true 
2023-11-08T16:20:51.288+07:00 DEBUG 7876 --- [           main] o.s.security.web.FilterChainProxy        : Secured PUT /api/employees/current
Hibernate: 
    select
        e1_0.employee_id,
        e1_0.client_id,
        e1_0.company,
        e1_0.email,
        e1_0.full_name,
        e1_0.gender,
        e1_0.phone_number,
        e1_0.position 
    from
        employees e1_0 
    where
        e1_0.client_id=?
]]></system-out>
  </testcase>
  <testcase name="registerEmployeeBadRequest" classname="demo.app.controller.ControllerEmployeeTest" time="1.244">
    <system-out><![CDATA[Hibernate: 
    select
        e1_0.employee_id,
        e1_0.client_id,
        e1_0.company,
        e1_0.email,
        e1_0.full_name,
        e1_0.gender,
        e1_0.phone_number,
        e1_0.position 
    from
        employees e1_0
Hibernate: 
    insert 
    into
        employees
        (client_id,company,email,full_name,gender,phone_number,position) 
    values
        (?,?,?,?,?,?,?)
Hibernate: 
    insert 
    into
        address
        (city,country,employee_id,postal_code,province,street,address_id) 
    values
        (?,?,?,?,?,?,?)
2023-11-08T16:20:51.383+07:00 DEBUG 7876 --- [           main] o.s.security.web.FilterChainProxy        : Securing POST /api/employees/register
2023-11-08T16:20:51.383+07:00  INFO 7876 --- [           main] CustomAuthoritiesOpaqueTokenIntrospector : Token Introspect: ufs6Oiqp1-JyhvP8sFM8_7c2gq0F_3cysAKGGCzPoNqahGs4ZUuD1dBrneCYgfjdhE0Faw8
2023-11-08T16:20:52.574+07:00  INFO 7876 --- [           main] demo.app.utils.AuthoritiesExtractor      : Scopes: [openid, profile, email]
2023-11-08T16:20:52.574+07:00  INFO 7876 --- [           main] demo.app.utils.AuthoritiesExtractor      : User Authorities: [ROLE_USER]
2023-11-08T16:20:52.574+07:00  INFO 7876 --- [           main] demo.app.utils.AuthoritiesExtractor      : All Authorities: [openid, profile, email, ROLE_USER]
2023-11-08T16:20:52.574+07:00  INFO 7876 --- [           main] d.a.validator.IntrospectTokenValidator   : Token: {"sub":"239414077758111751","email_verified":true,"iss":"http:\/\/localhost:8080","active":true,"preferred_username":"User","given_name":"User","locale":null,"token_type":"Bearer","urn:zitadel:iam:org:project:239413432221171719:roles":{"user":{"239412988128329735":"base.localhost"}},"client_id":"239484551712276487@i2dev","aud":["239415625104031749@i2dev","239484551712276487@i2dev","239415352189059077@i2dev","239415477716189189@i2dev","239413432221171719"],"nbf":{},"updated_at":1699197933,"urn:zitadel:iam:org:project:roles":{"user":{"239412988128329735":"base.localhost"}},"scope":["openid","profile","email"],"name":"User","exp":{},"family_name":"User","iat":{},"email":"user@i2dev.com","jti":"239796887975100423","username":"User"}
2023-11-08T16:20:52.574+07:00  INFO 7876 --- [           main] d.a.validator.IntrospectTokenValidator   : Exp Value 2023-11-09T06:48:03Z
2023-11-08T16:20:52.574+07:00  INFO 7876 --- [           main] d.a.validator.IntrospectTokenValidator   : Match Token Scopes: [openid, profile, email, ROLE_USER]
2023-11-08T16:20:52.575+07:00  INFO 7876 --- [           main] d.a.validator.IntrospectTokenValidator   : Roles Object: {"user":{"239412988128329735":"base.localhost"}}
2023-11-08T16:20:52.575+07:00  INFO 7876 --- [           main] demo.app.utils.AuthoritiesExtractor      : Scopes: [openid, profile, email]
2023-11-08T16:20:52.575+07:00  INFO 7876 --- [           main] demo.app.utils.AuthoritiesExtractor      : User Authorities: [ROLE_USER]
2023-11-08T16:20:52.575+07:00  INFO 7876 --- [           main] demo.app.utils.AuthoritiesExtractor      : All Authorities: [openid, profile, email, ROLE_USER]
2023-11-08T16:20:52.575+07:00 DEBUG 7876 --- [           main] .s.r.a.OpaqueTokenAuthenticationProvider : Authenticated token
2023-11-08T16:20:52.575+07:00 DEBUG 7876 --- [           main] .s.r.w.a.BearerTokenAuthenticationFilter : Set SecurityContextHolder to BearerTokenAuthentication [Principal=org.springframework.security.oauth2.core.DefaultOAuth2AuthenticatedPrincipal@7b9661d4, Credentials=[PROTECTED], Authenticated=true, Details=WebAuthenticationDetails [RemoteIpAddress=127.0.0.1, SessionId=null], Granted Authorities=[openid, profile, email, ROLE_USER]]
2023-11-08T16:20:52.575+07:00  INFO 7876 --- [           main] demo.app.utils.CustomAuthoritiesFilter   : Roles: [openid, profile, email, ROLE_USER]
2023-11-08T16:20:52.575+07:00  INFO 7876 --- [           main] demo.app.utils.CustomAuthoritiesFilter   : isPathAllowed : true 
2023-11-08T16:20:52.576+07:00 DEBUG 7876 --- [           main] o.s.security.web.FilterChainProxy        : Secured POST /api/employees/register
2023-11-08T16:20:52.581+07:00  INFO 7876 --- [           main] demo.app.service.EmployeeService         : clientId: 239414077758111751
2023-11-08T16:20:52.581+07:00  INFO 7876 --- [           main] demo.app.service.EmployeeService         : email: user@i2dev.com
Hibernate: 
    select
        e1_0.employee_id 
    from
        employees e1_0 
    where
        e1_0.client_id=? limit ?
]]></system-out>
  </testcase>
  <testcase name="registerEmployeeSuccessWithToken" classname="demo.app.controller.ControllerEmployeeTest" time="1.452">
    <system-out><![CDATA[Hibernate: 
    select
        e1_0.employee_id,
        e1_0.client_id,
        e1_0.company,
        e1_0.email,
        e1_0.full_name,
        e1_0.gender,
        e1_0.phone_number,
        e1_0.position 
    from
        employees e1_0
Hibernate: 
    select
        a1_0.address_id,
        a1_0.city,
        a1_0.country,
        e1_0.employee_id,
        e1_0.client_id,
        e1_0.company,
        e1_0.email,
        e1_0.full_name,
        e1_0.gender,
        e1_0.phone_number,
        e1_0.position,
        a1_0.postal_code,
        a1_0.province,
        a1_0.street 
    from
        address a1_0 
    left join
        employees e1_0 
            on e1_0.employee_id=a1_0.employee_id 
    where
        a1_0.employee_id=?
Hibernate: 
    select
        r1_0.employee_id,
        r1_0.reimbursement_id,
        r1_0.activity,
        r1_0.amount,
        r1_0.approved_id,
        r1_0.approved_name,
        r1_0.date_created,
        r1_0.date_updated,
        r1_0.description,
        r1_0.status,
        r1_0.type 
    from
        reimbursement r1_0 
    where
        r1_0.employee_id=?
Hibernate: 
    delete 
    from
        address 
    where
        address_id=?
Hibernate: 
    delete 
    from
        employees 
    where
        employee_id=?
2023-11-08T16:20:52.634+07:00 DEBUG 7876 --- [           main] o.s.security.web.FilterChainProxy        : Securing POST /api/employees/register
2023-11-08T16:20:52.635+07:00  INFO 7876 --- [           main] CustomAuthoritiesOpaqueTokenIntrospector : Token Introspect: ufs6Oiqp1-JyhvP8sFM8_7c2gq0F_3cysAKGGCzPoNqahGs4ZUuD1dBrneCYgfjdhE0Faw8
2023-11-08T16:20:54.019+07:00  INFO 7876 --- [           main] demo.app.utils.AuthoritiesExtractor      : Scopes: [openid, profile, email]
2023-11-08T16:20:54.022+07:00  INFO 7876 --- [           main] demo.app.utils.AuthoritiesExtractor      : User Authorities: [ROLE_USER]
2023-11-08T16:20:54.022+07:00  INFO 7876 --- [           main] demo.app.utils.AuthoritiesExtractor      : All Authorities: [openid, profile, email, ROLE_USER]
2023-11-08T16:20:54.023+07:00  INFO 7876 --- [           main] d.a.validator.IntrospectTokenValidator   : Token: {"sub":"239414077758111751","email_verified":true,"iss":"http:\/\/localhost:8080","active":true,"preferred_username":"User","given_name":"User","locale":null,"token_type":"Bearer","urn:zitadel:iam:org:project:239413432221171719:roles":{"user":{"239412988128329735":"base.localhost"}},"client_id":"239484551712276487@i2dev","aud":["239415625104031749@i2dev","239484551712276487@i2dev","239415352189059077@i2dev","239415477716189189@i2dev","239413432221171719"],"nbf":{},"updated_at":1699197933,"urn:zitadel:iam:org:project:roles":{"user":{"239412988128329735":"base.localhost"}},"scope":["openid","profile","email"],"name":"User","exp":{},"family_name":"User","iat":{},"email":"user@i2dev.com","jti":"239796887975100423","username":"User"}
2023-11-08T16:20:54.023+07:00  INFO 7876 --- [           main] d.a.validator.IntrospectTokenValidator   : Exp Value 2023-11-09T06:48:03Z
2023-11-08T16:20:54.023+07:00  INFO 7876 --- [           main] d.a.validator.IntrospectTokenValidator   : Match Token Scopes: [openid, profile, email, ROLE_USER]
2023-11-08T16:20:54.023+07:00  INFO 7876 --- [           main] d.a.validator.IntrospectTokenValidator   : Roles Object: {"user":{"239412988128329735":"base.localhost"}}
2023-11-08T16:20:54.023+07:00  INFO 7876 --- [           main] demo.app.utils.AuthoritiesExtractor      : Scopes: [openid, profile, email]
2023-11-08T16:20:54.023+07:00  INFO 7876 --- [           main] demo.app.utils.AuthoritiesExtractor      : User Authorities: [ROLE_USER]
2023-11-08T16:20:54.023+07:00  INFO 7876 --- [           main] demo.app.utils.AuthoritiesExtractor      : All Authorities: [openid, profile, email, ROLE_USER]
2023-11-08T16:20:54.023+07:00 DEBUG 7876 --- [           main] .s.r.a.OpaqueTokenAuthenticationProvider : Authenticated token
2023-11-08T16:20:54.024+07:00 DEBUG 7876 --- [           main] .s.r.w.a.BearerTokenAuthenticationFilter : Set SecurityContextHolder to BearerTokenAuthentication [Principal=org.springframework.security.oauth2.core.DefaultOAuth2AuthenticatedPrincipal@17c95612, Credentials=[PROTECTED], Authenticated=true, Details=WebAuthenticationDetails [RemoteIpAddress=127.0.0.1, SessionId=null], Granted Authorities=[openid, profile, email, ROLE_USER]]
2023-11-08T16:20:54.024+07:00  INFO 7876 --- [           main] demo.app.utils.CustomAuthoritiesFilter   : Roles: [openid, profile, email, ROLE_USER]
2023-11-08T16:20:54.025+07:00  INFO 7876 --- [           main] demo.app.utils.CustomAuthoritiesFilter   : isPathAllowed : true 
2023-11-08T16:20:54.025+07:00 DEBUG 7876 --- [           main] o.s.security.web.FilterChainProxy        : Secured POST /api/employees/register
2023-11-08T16:20:54.030+07:00  INFO 7876 --- [           main] demo.app.service.EmployeeService         : clientId: 239414077758111751
2023-11-08T16:20:54.030+07:00  INFO 7876 --- [           main] demo.app.service.EmployeeService         : email: user@i2dev.com
Hibernate: 
    select
        e1_0.employee_id 
    from
        employees e1_0 
    where
        e1_0.client_id=? limit ?
Hibernate: 
    insert 
    into
        employees
        (client_id,company,email,full_name,gender,phone_number,position) 
    values
        (?,?,?,?,?,?,?)
Hibernate: 
    insert 
    into
        address
        (city,country,employee_id,postal_code,province,street,address_id) 
    values
        (?,?,?,?,?,?,?)
]]></system-out>
  </testcase>
  <testcase name="updateEmployeeUnauthorizedTokenNull" classname="demo.app.controller.ControllerEmployeeTest" time="1.159">
    <system-out><![CDATA[Hibernate: 
    select
        e1_0.employee_id,
        e1_0.client_id,
        e1_0.company,
        e1_0.email,
        e1_0.full_name,
        e1_0.gender,
        e1_0.phone_number,
        e1_0.position 
    from
        employees e1_0
Hibernate: 
    select
        a1_0.address_id,
        a1_0.city,
        a1_0.country,
        e1_0.employee_id,
        e1_0.client_id,
        e1_0.company,
        e1_0.email,
        e1_0.full_name,
        e1_0.gender,
        e1_0.phone_number,
        e1_0.position,
        a1_0.postal_code,
        a1_0.province,
        a1_0.street 
    from
        address a1_0 
    left join
        employees e1_0 
            on e1_0.employee_id=a1_0.employee_id 
    where
        a1_0.employee_id=?
Hibernate: 
    select
        r1_0.employee_id,
        r1_0.reimbursement_id,
        r1_0.activity,
        r1_0.amount,
        r1_0.approved_id,
        r1_0.approved_name,
        r1_0.date_created,
        r1_0.date_updated,
        r1_0.description,
        r1_0.status,
        r1_0.type 
    from
        reimbursement r1_0 
    where
        r1_0.employee_id=?
Hibernate: 
    delete 
    from
        address 
    where
        address_id=?
Hibernate: 
    delete 
    from
        employees 
    where
        employee_id=?
2023-11-08T16:20:54.059+07:00 DEBUG 7876 --- [           main] o.s.security.web.FilterChainProxy        : Securing PUT /api/employees/current
2023-11-08T16:20:54.060+07:00  INFO 7876 --- [           main] CustomAuthoritiesOpaqueTokenIntrospector : Token Introspect: null
2023-11-08T16:20:55.202+07:00 DEBUG 7876 --- [           main] .s.r.a.OpaqueTokenAuthenticationProvider : Failed to authenticate since token was invalid
]]></system-out>
  </testcase>
  <testcase name="updateEmployeeSuccessWithToken" classname="demo.app.controller.ControllerEmployeeTest" time="1.226">
    <system-out><![CDATA[Hibernate: 
    select
        e1_0.employee_id,
        e1_0.client_id,
        e1_0.company,
        e1_0.email,
        e1_0.full_name,
        e1_0.gender,
        e1_0.phone_number,
        e1_0.position 
    from
        employees e1_0
Hibernate: 
    insert 
    into
        employees
        (client_id,company,email,full_name,gender,phone_number,position) 
    values
        (?,?,?,?,?,?,?)
Hibernate: 
    insert 
    into
        address
        (city,country,employee_id,postal_code,province,street,address_id) 
    values
        (?,?,?,?,?,?,?)
2023-11-08T16:20:55.218+07:00 DEBUG 7876 --- [           main] o.s.security.web.FilterChainProxy        : Securing PUT /api/employees/current
2023-11-08T16:20:55.218+07:00  INFO 7876 --- [           main] CustomAuthoritiesOpaqueTokenIntrospector : Token Introspect: ufs6Oiqp1-JyhvP8sFM8_7c2gq0F_3cysAKGGCzPoNqahGs4ZUuD1dBrneCYgfjdhE0Faw8
2023-11-08T16:20:56.407+07:00  INFO 7876 --- [           main] demo.app.utils.AuthoritiesExtractor      : Scopes: [openid, profile, email]
2023-11-08T16:20:56.408+07:00  INFO 7876 --- [           main] demo.app.utils.AuthoritiesExtractor      : User Authorities: [ROLE_USER]
2023-11-08T16:20:56.408+07:00  INFO 7876 --- [           main] demo.app.utils.AuthoritiesExtractor      : All Authorities: [openid, profile, email, ROLE_USER]
2023-11-08T16:20:56.408+07:00  INFO 7876 --- [           main] d.a.validator.IntrospectTokenValidator   : Token: {"sub":"239414077758111751","email_verified":true,"iss":"http:\/\/localhost:8080","active":true,"preferred_username":"User","given_name":"User","locale":null,"token_type":"Bearer","urn:zitadel:iam:org:project:239413432221171719:roles":{"user":{"239412988128329735":"base.localhost"}},"client_id":"239484551712276487@i2dev","aud":["239415625104031749@i2dev","239484551712276487@i2dev","239415352189059077@i2dev","239415477716189189@i2dev","239413432221171719"],"nbf":{},"updated_at":1699197933,"urn:zitadel:iam:org:project:roles":{"user":{"239412988128329735":"base.localhost"}},"scope":["openid","profile","email"],"name":"User","exp":{},"family_name":"User","iat":{},"email":"user@i2dev.com","jti":"239796887975100423","username":"User"}
2023-11-08T16:20:56.408+07:00  INFO 7876 --- [           main] d.a.validator.IntrospectTokenValidator   : Exp Value 2023-11-09T06:48:03Z
2023-11-08T16:20:56.408+07:00  INFO 7876 --- [           main] d.a.validator.IntrospectTokenValidator   : Match Token Scopes: [openid, profile, email, ROLE_USER]
2023-11-08T16:20:56.410+07:00  INFO 7876 --- [           main] d.a.validator.IntrospectTokenValidator   : Roles Object: {"user":{"239412988128329735":"base.localhost"}}
2023-11-08T16:20:56.410+07:00  INFO 7876 --- [           main] demo.app.utils.AuthoritiesExtractor      : Scopes: [openid, profile, email]
2023-11-08T16:20:56.410+07:00  INFO 7876 --- [           main] demo.app.utils.AuthoritiesExtractor      : User Authorities: [ROLE_USER]
2023-11-08T16:20:56.410+07:00  INFO 7876 --- [           main] demo.app.utils.AuthoritiesExtractor      : All Authorities: [openid, profile, email, ROLE_USER]
2023-11-08T16:20:56.410+07:00 DEBUG 7876 --- [           main] .s.r.a.OpaqueTokenAuthenticationProvider : Authenticated token
2023-11-08T16:20:56.411+07:00 DEBUG 7876 --- [           main] .s.r.w.a.BearerTokenAuthenticationFilter : Set SecurityContextHolder to BearerTokenAuthentication [Principal=org.springframework.security.oauth2.core.DefaultOAuth2AuthenticatedPrincipal@785dbe3a, Credentials=[PROTECTED], Authenticated=true, Details=WebAuthenticationDetails [RemoteIpAddress=127.0.0.1, SessionId=null], Granted Authorities=[openid, profile, email, ROLE_USER]]
2023-11-08T16:20:56.411+07:00  INFO 7876 --- [           main] demo.app.utils.CustomAuthoritiesFilter   : Roles: [openid, profile, email, ROLE_USER]
2023-11-08T16:20:56.411+07:00  INFO 7876 --- [           main] demo.app.utils.CustomAuthoritiesFilter   : isPathAllowed : true 
2023-11-08T16:20:56.411+07:00 DEBUG 7876 --- [           main] o.s.security.web.FilterChainProxy        : Secured PUT /api/employees/current
Hibernate: 
    select
        e1_0.employee_id,
        e1_0.client_id,
        e1_0.company,
        e1_0.email,
        e1_0.full_name,
        e1_0.gender,
        e1_0.phone_number,
        e1_0.position 
    from
        employees e1_0 
    where
        e1_0.client_id=?
Hibernate: 
    select
        a1_0.address_id,
        a1_0.city,
        a1_0.country,
        e1_0.employee_id,
        e1_0.client_id,
        e1_0.company,
        e1_0.email,
        e1_0.full_name,
        e1_0.gender,
        e1_0.phone_number,
        e1_0.position,
        a1_0.postal_code,
        a1_0.province,
        a1_0.street 
    from
        address a1_0 
    left join
        employees e1_0 
            on e1_0.employee_id=a1_0.employee_id 
    where
        a1_0.employee_id=?
Hibernate: 
    select
        r1_0.employee_id,
        r1_0.reimbursement_id,
        r1_0.activity,
        r1_0.amount,
        r1_0.approved_id,
        r1_0.approved_name,
        r1_0.date_created,
        r1_0.date_updated,
        r1_0.description,
        r1_0.status,
        r1_0.type 
    from
        reimbursement r1_0 
    where
        r1_0.employee_id=?
]]></system-out>
  </testcase>
  <testcase name="getEmployeeUnauthorizedTokenNull" classname="demo.app.controller.ControllerEmployeeTest" time="1.098">
    <system-out><![CDATA[Hibernate: 
    select
        e1_0.employee_id,
        e1_0.client_id,
        e1_0.company,
        e1_0.email,
        e1_0.full_name,
        e1_0.gender,
        e1_0.phone_number,
        e1_0.position 
    from
        employees e1_0
Hibernate: 
    select
        a1_0.address_id,
        a1_0.city,
        a1_0.country,
        e1_0.employee_id,
        e1_0.client_id,
        e1_0.company,
        e1_0.email,
        e1_0.full_name,
        e1_0.gender,
        e1_0.phone_number,
        e1_0.position,
        a1_0.postal_code,
        a1_0.province,
        a1_0.street 
    from
        address a1_0 
    left join
        employees e1_0 
            on e1_0.employee_id=a1_0.employee_id 
    where
        a1_0.employee_id=?
Hibernate: 
    select
        r1_0.employee_id,
        r1_0.reimbursement_id,
        r1_0.activity,
        r1_0.amount,
        r1_0.approved_id,
        r1_0.approved_name,
        r1_0.date_created,
        r1_0.date_updated,
        r1_0.description,
        r1_0.status,
        r1_0.type 
    from
        reimbursement r1_0 
    where
        r1_0.employee_id=?
Hibernate: 
    delete 
    from
        address 
    where
        address_id=?
Hibernate: 
    delete 
    from
        employees 
    where
        employee_id=?
2023-11-08T16:20:56.445+07:00 DEBUG 7876 --- [           main] o.s.security.web.FilterChainProxy        : Securing GET /api/employees/current
2023-11-08T16:20:56.445+07:00  INFO 7876 --- [           main] CustomAuthoritiesOpaqueTokenIntrospector : Token Introspect: null
2023-11-08T16:20:57.531+07:00 DEBUG 7876 --- [           main] .s.r.a.OpaqueTokenAuthenticationProvider : Failed to authenticate since token was invalid
]]></system-out>
  </testcase>
  <testcase name="getEmployeeCurrent" classname="demo.app.controller.ControllerEmployeeTest" time="1.193">
    <system-out><![CDATA[Hibernate: 
    select
        e1_0.employee_id,
        e1_0.client_id,
        e1_0.company,
        e1_0.email,
        e1_0.full_name,
        e1_0.gender,
        e1_0.phone_number,
        e1_0.position 
    from
        employees e1_0
Hibernate: 
    insert 
    into
        employees
        (client_id,company,email,full_name,gender,phone_number,position) 
    values
        (?,?,?,?,?,?,?)
Hibernate: 
    insert 
    into
        address
        (city,country,employee_id,postal_code,province,street,address_id) 
    values
        (?,?,?,?,?,?,?)
2023-11-08T16:20:57.546+07:00 DEBUG 7876 --- [           main] o.s.security.web.FilterChainProxy        : Securing GET /api/employees/current
2023-11-08T16:20:57.546+07:00  INFO 7876 --- [           main] CustomAuthoritiesOpaqueTokenIntrospector : Token Introspect: ufs6Oiqp1-JyhvP8sFM8_7c2gq0F_3cysAKGGCzPoNqahGs4ZUuD1dBrneCYgfjdhE0Faw8
2023-11-08T16:20:58.705+07:00  INFO 7876 --- [           main] demo.app.utils.AuthoritiesExtractor      : Scopes: [openid, profile, email]
2023-11-08T16:20:58.706+07:00  INFO 7876 --- [           main] demo.app.utils.AuthoritiesExtractor      : User Authorities: [ROLE_USER]
2023-11-08T16:20:58.706+07:00  INFO 7876 --- [           main] demo.app.utils.AuthoritiesExtractor      : All Authorities: [openid, profile, email, ROLE_USER]
2023-11-08T16:20:58.706+07:00  INFO 7876 --- [           main] d.a.validator.IntrospectTokenValidator   : Token: {"sub":"239414077758111751","email_verified":true,"iss":"http:\/\/localhost:8080","active":true,"preferred_username":"User","given_name":"User","locale":null,"token_type":"Bearer","urn:zitadel:iam:org:project:239413432221171719:roles":{"user":{"239412988128329735":"base.localhost"}},"client_id":"239484551712276487@i2dev","aud":["239415625104031749@i2dev","239484551712276487@i2dev","239415352189059077@i2dev","239415477716189189@i2dev","239413432221171719"],"nbf":{},"updated_at":1699197933,"urn:zitadel:iam:org:project:roles":{"user":{"239412988128329735":"base.localhost"}},"scope":["openid","profile","email"],"name":"User","exp":{},"family_name":"User","iat":{},"email":"user@i2dev.com","jti":"239796887975100423","username":"User"}
2023-11-08T16:20:58.706+07:00  INFO 7876 --- [           main] d.a.validator.IntrospectTokenValidator   : Exp Value 2023-11-09T06:48:03Z
2023-11-08T16:20:58.706+07:00  INFO 7876 --- [           main] d.a.validator.IntrospectTokenValidator   : Match Token Scopes: [openid, profile, email, ROLE_USER]
2023-11-08T16:20:58.706+07:00  INFO 7876 --- [           main] d.a.validator.IntrospectTokenValidator   : Roles Object: {"user":{"239412988128329735":"base.localhost"}}
2023-11-08T16:20:58.706+07:00  INFO 7876 --- [           main] demo.app.utils.AuthoritiesExtractor      : Scopes: [openid, profile, email]
2023-11-08T16:20:58.706+07:00  INFO 7876 --- [           main] demo.app.utils.AuthoritiesExtractor      : User Authorities: [ROLE_USER]
2023-11-08T16:20:58.706+07:00  INFO 7876 --- [           main] demo.app.utils.AuthoritiesExtractor      : All Authorities: [openid, profile, email, ROLE_USER]
2023-11-08T16:20:58.707+07:00 DEBUG 7876 --- [           main] .s.r.a.OpaqueTokenAuthenticationProvider : Authenticated token
2023-11-08T16:20:58.707+07:00 DEBUG 7876 --- [           main] .s.r.w.a.BearerTokenAuthenticationFilter : Set SecurityContextHolder to BearerTokenAuthentication [Principal=org.springframework.security.oauth2.core.DefaultOAuth2AuthenticatedPrincipal@5127de08, Credentials=[PROTECTED], Authenticated=true, Details=WebAuthenticationDetails [RemoteIpAddress=127.0.0.1, SessionId=null], Granted Authorities=[openid, profile, email, ROLE_USER]]
2023-11-08T16:20:58.714+07:00  INFO 7876 --- [           main] demo.app.utils.CustomAuthoritiesFilter   : Roles: [openid, profile, email, ROLE_USER]
2023-11-08T16:20:58.715+07:00  INFO 7876 --- [           main] demo.app.utils.CustomAuthoritiesFilter   : isPathAllowed : true 
2023-11-08T16:20:58.720+07:00 DEBUG 7876 --- [           main] o.s.security.web.FilterChainProxy        : Secured GET /api/employees/current
2023-11-08T16:20:58.722+07:00  INFO 7876 --- [           main] demo.app.service.EmployeeService         : clientId: 239414077758111751
Hibernate: 
    select
        e1_0.employee_id,
        e1_0.client_id,
        e1_0.company,
        e1_0.email,
        e1_0.full_name,
        e1_0.gender,
        e1_0.phone_number,
        e1_0.position 
    from
        employees e1_0 
    where
        e1_0.client_id=?
Hibernate: 
    select
        a1_0.address_id,
        a1_0.city,
        a1_0.country,
        e1_0.employee_id,
        e1_0.client_id,
        e1_0.company,
        e1_0.email,
        e1_0.full_name,
        e1_0.gender,
        e1_0.phone_number,
        e1_0.position,
        a1_0.postal_code,
        a1_0.province,
        a1_0.street 
    from
        address a1_0 
    left join
        employees e1_0 
            on e1_0.employee_id=a1_0.employee_id 
    where
        a1_0.employee_id=?
Hibernate: 
    select
        r1_0.employee_id,
        r1_0.reimbursement_id,
        r1_0.activity,
        r1_0.amount,
        r1_0.approved_id,
        r1_0.approved_name,
        r1_0.date_created,
        r1_0.date_updated,
        r1_0.description,
        r1_0.status,
        r1_0.type 
    from
        reimbursement r1_0 
    where
        r1_0.employee_id=?
]]></system-out>
  </testcase>
</testsuite>